<?xml version="1.0" encoding="UTF-8"?>
<testsuite xmlns:xsi="http://www.w3.org/2001/XMLSchema-instance" xsi:noNamespaceSchemaLocation="https://maven.apache.org/surefire/maven-surefire-plugin/xsd/surefire-test-report-3.0.xsd" version="3.0" name="com.urlshortener.UrlRepositoryTest" time="3.368" tests="2" errors="0" skipped="0" failures="0">
  <properties>
[...]
</properties>
  <testcase name="testSaveAndRetrieveUrl" classname="com.urlshortener.UrlRepositoryTest" time="1.27">
    <system-out><![CDATA[✅ Database initialized.
]]></system-out>
  </testcase>
  <testcase name="testFindUrlNotExists" classname="com.urlshortener.UrlRepositoryTest" time="0.75"/>
</testsuite>